CUDA is available:  True
[{'segmentation': array([[False, False, False, ..., False, False, False],
       [False, False, False, ..., False, False, False],
       [False, False, False, ..., False, False, False],
       ...,
       [False, False, False, ..., False, False, False],
       [False, False, False, ..., False, False, False],
       [False, False, False, ..., False, False, False]]), 'area': 143308, 'bbox': [0, 106, 446, 595], 'predicted_iou': 1.0510220527648926, 'point_coords': [[380.0, 354.375]], 'stability_score': 0.9824631810188293, 'crop_box': [0, 0, 1280, 1080]}, {'segmentation': array([[False, False, False, ..., False, False, False],
       [False, False, False, ..., False, False, False],
       [False, False, False, ..., False, False, False],
       ...,
       [False, False, False, ...,  True,  True,  True],
       [False, False, False, ..., False, False, False],
       [False, False, False, ..., False, False, False]]), 'area': 37144, 'bbox': [1093, 711, 186, 367], 'predicted_iou': 1.0150901079177856, 'point_coords': [[1220.0, 1063.125]], 'stability_score': 0.9907278418540955, 'crop_box': [0, 0, 1280, 1080]}, {'segmentation': array([[False, False, False, ..., False, False, False],
       [False, False, False, ..., False, False, False],
       [False, False, False, ..., False, False, False],
       ...,
       [False, False, False, ..., False, False, False],
       [False, False, False, ..., False, False, False],
       [False, False, False, ..., False, False, False]]), 'area': 472569, 'bbox': [0, 486, 1204, 591], 'predicted_iou': 1.0124986171722412, 'point_coords': [[940.0, 725.625]], 'stability_score': 0.9860715866088867, 'crop_box': [0, 0, 1280, 1080]}, {'segmentation': array([[False, False, False, ..., False, False, False],
       [False, False, False, ..., False, False, False],
       [False, False, False, ..., False, False, False],
       ...,
       [False, False, False, ..., False, False, False],
       [False, False, False, ..., False, False, False],
       [False, False, False, ..., False, False, False]]), 'area': 36149, 'bbox': [435, 503, 301, 349], 'predicted_iou': 0.9970762729644775, 'point_coords': [[500.0, 759.375]], 'stability_score': 0.9749208688735962, 'crop_box': [0, 0, 1280, 1080]}, {'segmentation': array([[False, False, False, ..., False, False, False],
       [False, False, False, ..., False, False, False],
       [False, False, False, ..., False, False, False],
       ...,
       [False, False, False, ..., False, False, False],
       [False, False, False, ..., False, False, False],
       [False, False, False, ..., False, False, False]]), 'area': 2967, 'bbox': [926, 171, 54, 70], 'predicted_iou': 0.9969093203544617, 'point_coords': [[940.0, 219.375]], 'stability_score': 0.988621175289154, 'crop_box': [0, 0, 1280, 1080]}, {'segmentation': array([[False, False, False, ..., False, False, False],
       [False, False, False, ..., False, False, False],
       [False, False, False, ..., False, False, False],
       ...,
       [False, False, False, ..., False, False, False],
       [False, False, False, ..., False, False, False],
       [False, False, False, ..., False, False, False]]), 'area': 2830, 'bbox': [0, 183, 45, 71], 'predicted_iou': 0.9951450824737549, 'point_coords': [[20.0, 219.375]], 'stability_score': 0.9894551634788513, 'crop_box': [0, 0, 1280, 1080]}, {'segmentation': array([[False, False, False, ..., False, False, False],
       [False, False, False, ..., False, False, False],
       [False, False, False, ..., False, False, False],
       ...,
       [False, False, False, ..., False, False, False],
       [False, False, False, ..., False, False, False],
       [False, False, False, ..., False, False, False]]), 'area': 7064, 'bbox': [613, 0, 127, 98], 'predicted_iou': 0.9940211772918701, 'point_coords': [[620.0, 16.875]], 'stability_score': 0.9697350263595581, 'crop_box': [0, 0, 1280, 1080]}, {'segmentation': array([[False, False, False, ..., False, False, False],
       [False, False, False, ..., False, False, False],
       [False, False, False, ..., False, False, False],
       ...,
       [False, False, False, ..., False, False, False],
       [False, False, False, ..., False, False, False],
       [False, False, False, ..., False, False, False]]), 'area': 113559, 'bbox': [627, 609, 578, 468], 'predicted_iou': 0.9931373596191406, 'point_coords': [[900.0, 1063.125]], 'stability_score': 0.9526656866073608, 'crop_box': [0, 0, 1280, 1080]}, {'segmentation': array([[False, False, False, ..., False, False, False],
       [False, False, False, ..., False, False, False],
       [False, False, False, ..., False, False, False],
       ...,
       [ True,  True,  True, ..., False, False, False],
       [ True,  True,  True, ..., False, False, False],
       [False, False, False, ..., False, False, False]]), 'area': 9927, 'bbox': [0, 933, 130, 145], 'predicted_iou': 0.9919946193695068, 'point_coords': [[20.0, 995.625]], 'stability_score': 0.9795045256614685, 'crop_box': [0, 0, 1280, 1080]}, {'segmentation': array([[False, False, False, ..., False, False, False],
       [False, False, False, ..., False, False, False],
       [False, False, False, ..., False, False, False],
       ...,
       [False, False, False, ..., False, False, False],
       [False, False, False, ..., False, False, False],
       [False, False, False, ..., False, False, False]]), 'area': 61116, 'bbox': [707, 0, 275, 386], 'predicted_iou': 0.9908068180084229, 'point_coords': [[860.0, 84.375]], 'stability_score': 0.9814175963401794, 'crop_box': [0, 0, 1280, 1080]}, {'segmentation': array([[False, False, False, ..., False, False, False],
       [False, False, False, ..., False, False, False],
       [False, False, False, ..., False, False, False],
       ...,
       [False, False, False, ..., False, False, False],
       [False, False, False, ..., False, False, False],
       [False, False, False, ..., False, False, False]]), 'area': 8192, 'bbox': [431, 430, 116, 148], 'predicted_iou': 0.9891814589500427, 'point_coords': [[460.0, 556.875]], 'stability_score': 0.975777268409729, 'crop_box': [0, 0, 1280, 1080]}, {'segmentation': array([[False, False, False, ..., False, False, False],
       [False, False, False, ..., False, False, False],
       [False, False, False, ..., False, False, False],
       ...,
       [False, False, False, ..., False, False, False],
       [False, False, False, ..., False, False, False],
       [False, False, False, ..., False, False, False]]), 'area': 7014, 'bbox': [1184, 77, 95, 103], 'predicted_iou': 0.9889560341835022, 'point_coords': [[1260.0, 151.875]], 'stability_score': 0.9806497097015381, 'crop_box': [0, 0, 1280, 1080]}, {'segmentation': array([[False, False, False, ..., False, False, False],
       [False, False, False, ..., False, False, False],
       [False, False, False, ..., False, False, False],
       ...,
       [False, False, False, ..., False, False, False],
       [False, False, False, ..., False, False, False],
       [False, False, False, ..., False, False, False]]), 'area': 9451, 'bbox': [629, 217, 114, 118], 'predicted_iou': 0.988761842250824, 'point_coords': [[740.0, 286.875]], 'stability_score': 0.9849758148193359, 'crop_box': [0, 0, 1280, 1080]}, {'segmentation': array([[False, False, False, ..., False, False, False],
       [False, False, False, ..., False, False, False],
       [False, False, False, ..., False, False, False],
       ...,
       [False, False, False, ..., False, False, False],
       [False, False, False, ..., False, False, False],
       [False, False, False, ..., False, False, False]]), 'area': 15052, 'bbox': [1114, 587, 95, 184], 'predicted_iou': 0.9874807000160217, 'point_coords': [[1140.0, 691.875]], 'stability_score': 0.9861313104629517, 'crop_box': [0, 0, 1280, 1080]}, {'segmentation': array([[False, False, False, ..., False, False, False],
       [False, False, False, ..., False, False, False],
       [False, False, False, ..., False, False, False],
       ...,
       [False, False, False, ..., False, False, False],
       [False, False, False, ..., False, False, False],
       [False, False, False, ..., False, False, False]]), 'area': 4597, 'bbox': [926, 131, 56, 111], 'predicted_iou': 0.9834756851196289, 'point_coords': [[940.0, 219.375]], 'stability_score': 0.9846817851066589, 'crop_box': [0, 0, 1280, 1080]}, {'segmentation': array([[False, False, False, ..., False, False, False],
       [False, False, False, ..., False, False, False],
       [False, False, False, ..., False, False, False],
       ...,
       [False, False, False, ..., False, False, False],
       [False, False, False, ..., False, False, False],
       [False, False, False, ..., False, False, False]]), 'area': 594, 'bbox': [93, 184, 24, 29], 'predicted_iou': 0.9826632142066956, 'point_coords': [[100.0, 185.625]], 'stability_score': 0.9866220951080322, 'crop_box': [0, 0, 1280, 1080]}, {'segmentation': array([[False, False, False, ..., False, False, False],
       [False, False, False, ..., False, False, False],
       [False, False, False, ..., False, False, False],
       ...,
       [False, False, False, ..., False, False, False],
       [False, False, False, ..., False, False, False],
       [False, False, False, ..., False, False, False]]), 'area': 10177, 'bbox': [1117, 552, 162, 128], 'predicted_iou': 0.9824303984642029, 'point_coords': [[1180.0, 556.875]], 'stability_score': 0.9699022769927979, 'crop_box': [0, 0, 1280, 1080]}, {'segmentation': array([[False, False, False, ..., False, False, False],
       [False, False, False, ..., False, False, False],
       [False, False, False, ..., False, False, False],
       ...,
       [False, False, False, ..., False, False, False],
       [False, False, False, ..., False, False, False],
       [False, False, False, ..., False, False, False]]), 'area': 5664, 'bbox': [1159, 326, 120, 65], 'predicted_iou': 0.981511652469635, 'point_coords': [[1260.0, 354.375]], 'stability_score': 0.9866946935653687, 'crop_box': [0, 0, 1280, 1080]}, {'segmentation': array([[False, False, False, ..., False, False, False],
       [False, False, False, ..., False, False, False],
       [False, False, False, ..., False, False, False],
       ...,
       [False, False, False, ..., False, False, False],
       [False, False, False, ..., False, False, False],
       [False, False, False, ..., False, False, False]]), 'area': 6774, 'bbox': [1143, 369, 136, 74], 'predicted_iou': 0.9806439280509949, 'point_coords': [[1180.0, 421.875]], 'stability_score': 0.9794040322303772, 'crop_box': [0, 0, 1280, 1080]}, {'segmentation': array([[False, False, False, ..., False, False, False],
       [False, False, False, ..., False, False, False],
       [False, False, False, ..., False, False, False],
       ...,
       [False, False, False, ..., False, False, False],
       [False, False, False, ..., False, False, False],
       [False, False, False, ..., False, False, False]]), 'area': 21225, 'bbox': [986, 872, 163, 206], 'predicted_iou': 0.9802120327949524, 'point_coords': [[1100.0, 928.125]], 'stability_score': 0.985958993434906, 'crop_box': [0, 0, 1280, 1080]}, {'segmentation': array([[False, False, False, ..., False, False, False],
       [False, False, False, ..., False, False, False],
       [False, False, False, ..., False, False, False],
       ...,
       [False, False, False, ..., False, False, False],
       [False, False, False, ..., False, False, False],
       [False, False, False, ..., False, False, False]]), 'area': 14511, 'bbox': [0, 604, 131, 156], 'predicted_iou': 0.9797314405441284, 'point_coords': [[60.0, 624.375]], 'stability_score': 0.9901302456855774, 'crop_box': [0, 0, 1280, 1080]}, {'segmentation': array([[False, False, False, ..., False, False, False],
       [False, False, False, ..., False, False, False],
       [False, False, False, ..., False, False, False],
       ...,
       [False, False, False, ..., False, False, False],
       [False, False, False, ..., False, False, False],
       [False, False, False, ..., False, False, False]]), 'area': 1607, 'bbox': [648, 63, 66, 24], 'predicted_iou': 0.9787794351577759, 'point_coords': [[660.0, 84.375]], 'stability_score': 0.9821428656578064, 'crop_box': [0, 0, 1280, 1080]}, {'segmentation': array([[False, False, False, ..., False, False, False],
       [False, False, False, ..., False, False, False],
       [False, False, False, ..., False, False, False],
       ...,
       [False, False, False, ..., False, False, False],
       [False, False, False, ..., False, False, False],
       [False, False, False, ..., False, False, False]]), 'area': 2252, 'bbox': [650, 27, 64, 38], 'predicted_iou': 0.9772608876228333, 'point_coords': [[660.0, 50.625]], 'stability_score': 0.984581470489502, 'crop_box': [0, 0, 1280, 1080]}, {'segmentation': array([[False, False, False, ..., False, False, False],
       [False, False, False, ..., False, False, False],
       [False, False, False, ..., False, False, False],
       ...,
       [False, False, False, ..., False, False, False],
       [False, False, False, ..., False, False, False],
       [False, False, False, ..., False, False, False]]), 'area': 1158, 'bbox': [895, 208, 32, 45], 'predicted_iou': 0.9766685366630554, 'point_coords': [[900.0, 219.375]], 'stability_score': 0.9879724979400635, 'crop_box': [0, 0, 1280, 1080]}, {'segmentation': array([[False, False, False, ..., False, False, False],
       [False, False, False, ..., False, False, False],
       [False, False, False, ..., False, False, False],
       ...,
       [False, False, False, ..., False, False, False],
       [False, False, False, ..., False, False, False],
       [False, False, False, ..., False, False, False]]), 'area': 3204, 'bbox': [373, 537, 65, 66], 'predicted_iou': 0.9765551090240479, 'point_coords': [[420.0, 590.625]], 'stability_score': 0.9707961678504944, 'crop_box': [0, 0, 1280, 1080]}, {'segmentation': array([[False, False, False, ..., False, False, False],
       [False, False, False, ..., False, False, False],
       [False, False, False, ..., False, False, False],
       ...,
       [False, False, False, ..., False, False, False],
       [False, False, False, ..., False, False, False],
       [False, False, False, ..., False, False, False]]), 'area': 1626, 'bbox': [934, 131, 48, 43], 'predicted_iou': 0.9757169485092163, 'point_coords': [[940.0, 151.875]], 'stability_score': 0.9853479862213135, 'crop_box': [0, 0, 1280, 1080]}, {'segmentation': array([[False, False, False, ..., False, False, False],
       [False, False, False, ..., False, False, False],
       [False, False, False, ..., False, False, False],
       ...,
       [False, False, False, ..., False, False, False],
       [False, False, False, ..., False, False, False],
       [False, False, False, ..., False, False, False]]), 'area': 1732, 'bbox': [965, 1034, 70, 45], 'predicted_iou': 0.9754322171211243, 'point_coords': [[1020.0, 1063.125]], 'stability_score': 0.9822247624397278, 'crop_box': [0, 0, 1280, 1080]}, {'segmentation': array([[False, False, False, ..., False, False, False],
       [False, False, False, ..., False, False, False],
       [False, False, False, ..., False, False, False],
       ...,
       [False, False, False, ..., False, False, False],
       [False, False, False, ..., False, False, False],
       [False, False, False, ..., False, False, False]]), 'area': 2834, 'bbox': [427, 471, 81, 49], 'predicted_iou': 0.9744287133216858, 'point_coords': [[460.0, 489.375]], 'stability_score': 0.9808027744293213, 'crop_box': [0, 0, 1280, 1080]}, {'segmentation': array([[False, False, False, ..., False, False, False],
       [False, False, False, ..., False, False, False],
       [False, False, False, ..., False, False, False],
       ...,
       [False, False, False, ..., False, False, False],
       [False, False, False, ..., False, False, False],
       [False, False, False, ..., False, False, False]]), 'area': 9001, 'bbox': [1104, 0, 119, 414], 'predicted_iou': 0.9734413623809814, 'point_coords': [[1140.0, 286.875]], 'stability_score': 0.9657279849052429, 'crop_box': [0, 0, 1280, 1080]}, {'segmentation': array([[False, False, False, ..., False, False, False],
       [False, False, False, ..., False, False, False],
       [False, False, False, ..., False, False, False],
       ...,
       [False, False, False, ..., False, False, False],
       [False, False, False, ..., False, False, False],
       [False, False, False, ..., False, False, False]]), 'area': 12463, 'bbox': [1143, 326, 136, 117], 'predicted_iou': 0.9731749296188354, 'point_coords': [[1220.0, 421.875]], 'stability_score': 0.9802939891815186, 'crop_box': [0, 0, 1280, 1080]}, {'segmentation': array([[False, False, False, ..., False, False, False],
       [False, False, False, ..., False, False, False],
       [False, False, False, ..., False, False, False],
       ...,
       [False, False, False, ..., False, False, False],
       [False, False, False, ..., False, False, False],
       [False, False, False, ..., False, False, False]]), 'area': 1616, 'bbox': [1176, 174, 69, 32], 'predicted_iou': 0.9730995297431946, 'point_coords': [[1180.0, 185.625]], 'stability_score': 0.986494779586792, 'crop_box': [0, 0, 1280, 1080]}, {'segmentation': array([[False, False, False, ..., False, False, False],
       [False, False, False, ..., False, False, False],
       [False, False, False, ..., False, False, False],
       ...,
       [False, False, False, ..., False, False, False],
       [False, False, False, ..., False, False, False],
       [False, False, False, ..., False, False, False]]), 'area': 1166, 'bbox': [0, 250, 45, 40], 'predicted_iou': 0.9727810621261597, 'point_coords': [[20.0, 253.125]], 'stability_score': 0.9847068786621094, 'crop_box': [0, 0, 1280, 1080]}, {'segmentation': array([[False, False, False, ..., False, False, False],
       [False, False, False, ..., False, False, False],
       [False, False, False, ..., False, False, False],
       ...,
       [False, False, False, ..., False, False, False],
       [False, False, False, ..., False, False, False],
       [False, False, False, ..., False, False, False]]), 'area': 2102, 'bbox': [316, 217, 90, 32], 'predicted_iou': 0.9726545810699463, 'point_coords': [[380.0, 219.375]], 'stability_score': 0.9764705896377563, 'crop_box': [0, 0, 1280, 1080]}, {'segmentation': array([[False, False, False, ..., False, False, False],
       [False, False, False, ..., False, False, False],
       [False, False, False, ..., False, False, False],
       ...,
       [False, False, False, ..., False, False, False],
       [False, False, False, ..., False, False, False],
       [False, False, False, ..., False, False, False]]), 'area': 1964, 'bbox': [793, 420, 55, 42], 'predicted_iou': 0.9724547863006592, 'point_coords': [[820.0, 455.625]], 'stability_score': 0.9848331809043884, 'crop_box': [0, 0, 1280, 1080]}, {'segmentation': array([[False, False, False, ..., False, False, False],
       [False, False, False, ..., False, False, False],
       [False, False, False, ..., False, False, False],
       ...,
       [ True,  True,  True, ..., False, False, False],
       [ True,  True,  True, ..., False, False, False],
       [False, False, False, ..., False, False, False]]), 'area': 5850, 'bbox': [0, 935, 72, 143], 'predicted_iou': 0.9714597463607788, 'point_coords': [[20.0, 995.625]], 'stability_score': 0.9768307209014893, 'crop_box': [0, 0, 1280, 1080]}, {'segmentation': array([[False, False, False, ..., False, False, False],
       [False, False, False, ..., False, False, False],
       [False, False, False, ..., False, False, False],
       ...,
       [False, False, False, ..., False, False, False],
       [False, False, False, ..., False, False, False],
       [False, False, False, ..., False, False, False]]), 'area': 3996, 'bbox': [35, 973, 96, 105], 'predicted_iou': 0.970816969871521, 'point_coords': [[60.0, 995.625]], 'stability_score': 0.9694731831550598, 'crop_box': [0, 0, 1280, 1080]}, {'segmentation': array([[False, False, False, ..., False, False, False],
       [False, False, False, ..., False, False, False],
       [False, False, False, ..., False, False, False],
       ...,
       [False, False, False, ..., False, False, False],
       [False, False, False, ..., False, False, False],
       [False, False, False, ..., False, False, False]]), 'area': 60197, 'bbox': [0, 0, 955, 386], 'predicted_iou': 0.9707218408584595, 'point_coords': [[940.0, 50.625]], 'stability_score': 0.9546594023704529, 'crop_box': [0, 0, 1280, 1080]}, {'segmentation': array([[False, False, False, ..., False, False, False],
       [False, False, False, ..., False, False, False],
       [False, False, False, ..., False, False, False],
       ...,
       [False, False, False, ..., False, False, False],
       [False, False, False, ..., False, False, False],
       [False, False, False, ..., False, False, False]]), 'area': 10012, 'bbox': [123, 92, 146, 173], 'predicted_iou': 0.9705409407615662, 'point_coords': [[180.0, 151.875]], 'stability_score': 0.9710601568222046, 'crop_box': [0, 0, 1280, 1080]}, {'segmentation': array([[False, False, False, ..., False, False, False],
       [False, False, False, ..., False, False, False],
       [False, False, False, ..., False, False, False],
       ...,
       [False, False, False, ..., False, False, False],
       [False, False, False, ..., False, False, False],
       [False, False, False, ..., False, False, False]]), 'area': 2567, 'bbox': [1024, 547, 51, 87], 'predicted_iou': 0.9704629182815552, 'point_coords': [[1060.0, 590.625]], 'stability_score': 0.9818392395973206, 'crop_box': [0, 0, 1280, 1080]}, {'segmentation': array([[False, False, False, ..., False, False, False],
       [False, False, False, ..., False, False, False],
       [False, False, False, ..., False, False, False],
       ...,
       [False, False, False, ...,  True,  True,  True],
       [False, False, False, ..., False, False, False],
       [False, False, False, ..., False, False, False]]), 'area': 67516, 'bbox': [986, 553, 293, 524], 'predicted_iou': 0.9702603816986084, 'point_coords': [[1220.0, 894.375]], 'stability_score': 0.964064359664917, 'crop_box': [0, 0, 1280, 1080]}, {'segmentation': array([[False, False, False, ..., False, False, False],
       [False, False, False, ..., False, False, False],
       [False, False, False, ..., False, False, False],
       ...,
       [False, False, False, ..., False, False, False],
       [False, False, False, ..., False, False, False],
       [False, False, False, ..., False, False, False]]), 'area': 2922, 'bbox': [324, 60, 75, 43], 'predicted_iou': 0.9683233499526978, 'point_coords': [[380.0, 84.375]], 'stability_score': 0.9585283994674683, 'crop_box': [0, 0, 1280, 1080]}, {'segmentation': array([[False, False, False, ..., False, False, False],
       [False, False, False, ..., False, False, False],
       [False, False, False, ..., False, False, False],
       ...,
       [False, False, False, ..., False, False, False],
       [False, False, False, ..., False, False, False],
       [False, False, False, ..., False, False, False]]), 'area': 3785, 'bbox': [648, 28, 66, 59], 'predicted_iou': 0.9683176279067993, 'point_coords': [[700.0, 84.375]], 'stability_score': 0.9855605363845825, 'crop_box': [0, 0, 1280, 1080]}, {'segmentation': array([[False, False, False, ..., False, False, False],
       [False, False, False, ..., False, False, False],
       [False, False, False, ..., False, False, False],
       ...,
       [False, False, False, ..., False, False, False],
       [False, False, False, ..., False, False, False],
       [False, False, False, ..., False, False, False]]), 'area': 1191, 'bbox': [314, 0, 80, 16], 'predicted_iou': 0.9667337536811829, 'point_coords': [[380.0, 16.875]], 'stability_score': 0.9685430526733398, 'crop_box': [0, 0, 1280, 1080]}, {'segmentation': array([[ True,  True,  True, ..., False, False, False],
       [ True,  True,  True, ..., False, False, False],
       [ True,  True,  True, ..., False, False, False],
       ...,
       [False, False, False, ..., False, False, False],
       [False, False, False, ..., False, False, False],
       [False, False, False, ..., False, False, False]]), 'area': 44215, 'bbox': [0, 0, 406, 290], 'predicted_iou': 0.9658360481262207, 'point_coords': [[60.0, 16.875]], 'stability_score': 0.9678775668144226, 'crop_box': [0, 0, 1280, 1080]}, {'segmentation': array([[False, False, False, ..., False, False, False],
       [False, False, False, ..., False, False, False],
       [False, False, False, ..., False, False, False],
       ...,
       [False, False, False, ..., False, False, False],
       [False, False, False, ..., False, False, False],
       [False, False, False, ..., False, False, False]]), 'area': 25445, 'bbox': [1115, 471, 164, 300], 'predicted_iou': 0.9654839038848877, 'point_coords': [[1180.0, 624.375]], 'stability_score': 0.9610139727592468, 'crop_box': [0, 0, 1280, 1080]}, {'segmentation': array([[False, False, False, ..., False, False, False],
       [False, False, False, ..., False, False, False],
       [False, False, False, ..., False, False, False],
       ...,
       [False, False, False, ..., False, False, False],
       [False, False, False, ..., False, False, False],
       [False, False, False, ..., False, False, False]]), 'area': 19483, 'bbox': [0, 522, 131, 238], 'predicted_iou': 0.9652940034866333, 'point_coords': [[20.0, 658.125]], 'stability_score': 0.967256486415863, 'crop_box': [0, 0, 1280, 1080]}, {'segmentation': array([[False, False, False, ..., False, False, False],
       [False, False, False, ..., False, False, False],
       [False, False, False, ..., False, False, False],
       ...,
       [False, False, False, ..., False, False, False],
       [False, False, False, ..., False, False, False],
       [False, False, False, ..., False, False, False]]), 'area': 3445, 'bbox': [317, 13, 79, 46], 'predicted_iou': 0.965222954750061, 'point_coords': [[340.0, 16.875]], 'stability_score': 0.978129506111145, 'crop_box': [0, 0, 1280, 1080]}, {'segmentation': array([[False, False, False, ..., False, False, False],
       [False, False, False, ..., False, False, False],
       [False, False, False, ..., False, False, False],
       ...,
       [False, False, False, ..., False, False, False],
       [False, False, False, ..., False, False, False],
       [False, False, False, ..., False, False, False]]), 'area': 1618, 'bbox': [986, 0, 86, 20], 'predicted_iou': 0.9650647044181824, 'point_coords': [[1020.0, 16.875]], 'stability_score': 0.9870848655700684, 'crop_box': [0, 0, 1280, 1080]}, {'segmentation': array([[False, False, False, ..., False, False, False],
       [False, False, False, ..., False, False, False],
       [False, False, False, ..., False, False, False],
       ...,
       [False, False, False, ..., False, False, False],
       [False, False, False, ..., False, False, False],
       [False, False, False, ..., False, False, False]]), 'area': 4802, 'bbox': [1197, 665, 82, 168], 'predicted_iou': 0.963154137134552, 'point_coords': [[1220.0, 759.375]], 'stability_score': 0.9675897359848022, 'crop_box': [0, 0, 1280, 1080]}, {'segmentation': array([[False, False, False, ..., False, False, False],
       [False, False, False, ..., False, False, False],
       [False, False, False, ..., False, False, False],
       ...,
       [False, False, False, ..., False, False, False],
       [False, False, False, ..., False, False, False],
       [False, False, False, ..., False, False, False]]), 'area': 12964, 'bbox': [343, 244, 199, 125], 'predicted_iou': 0.9630690813064575, 'point_coords': [[380.0, 286.875]], 'stability_score': 0.9740763306617737, 'crop_box': [0, 0, 1280, 1080]}, {'segmentation': array([[False, False, False, ..., False, False, False],
       [False, False, False, ..., False, False, False],
       [False, False, False, ..., False, False, False],
       ...,
       [False, False, False, ..., False, False, False],
       [False, False, False, ..., False, False, False],
       [False, False, False, ..., False, False, False]]), 'area': 7933, 'bbox': [314, 0, 85, 103], 'predicted_iou': 0.9621930122375488, 'point_coords': [[340.0, 84.375]], 'stability_score': 0.9844980835914612, 'crop_box': [0, 0, 1280, 1080]}, {'segmentation': array([[False, False, False, ...,  True,  True,  True],
       [False, False, False, ...,  True,  True,  True],
       [False, False, False, ...,  True,  True,  True],
       ...,
       [False, False, False, ..., False, False, False],
       [False, False, False, ..., False, False, False],
       [False, False, False, ..., False, False, False]]), 'area': 8130, 'bbox': [922, 0, 357, 36], 'predicted_iou': 0.9613423347473145, 'point_coords': [[1180.0, 16.875]], 'stability_score': 0.9539663195610046, 'crop_box': [0, 0, 1280, 1080]}, {'segmentation': array([[False, False, False, ..., False, False, False],
       [False, False, False, ..., False, False, False],
       [False, False, False, ..., False, False, False],
       ...,
       [False, False, False, ..., False, False, False],
       [False, False, False, ..., False, False, False],
       [False, False, False, ..., False, False, False]]), 'area': 31308, 'bbox': [986, 0, 293, 1078], 'predicted_iou': 0.9609004259109497, 'point_coords': [[1060.0, 1063.125]], 'stability_score': 0.952385425567627, 'crop_box': [0, 0, 1280, 1080]}, {'segmentation': array([[False, False, False, ..., False, False, False],
       [False, False, False, ..., False, False, False],
       [False, False, False, ..., False, False, False],
       ...,
       [False, False, False, ..., False, False, False],
       [False, False, False, ..., False, False, False],
       [False, False, False, ..., False, False, False]]), 'area': 3585, 'bbox': [370, 326, 55, 100], 'predicted_iou': 0.9592236280441284, 'point_coords': [[420.0, 354.375]], 'stability_score': 0.9709668755531311, 'crop_box': [0, 0, 1280, 1080]}, {'segmentation': array([[False, False, False, ..., False, False, False],
       [False, False, False, ..., False, False, False],
       [False, False, False, ..., False, False, False],
       ...,
       [False, False, False, ..., False, False, False],
       [False, False, False, ..., False, False, False],
       [False, False, False, ..., False, False, False]]), 'area': 6628, 'bbox': [124, 542, 126, 79], 'predicted_iou': 0.9588198065757751, 'point_coords': [[220.0, 556.875]], 'stability_score': 0.9853205680847168, 'crop_box': [0, 0, 1280, 1080]}, {'segmentation': array([[False, False, False, ..., False, False, False],
       [False, False, False, ..., False, False, False],
       [False, False, False, ..., False, False, False],
       ...,
       [False, False, False, ..., False, False, False],
       [False, False, False, ..., False, False, False],
       [False, False, False, ..., False, False, False]]), 'area': 8576, 'bbox': [941, 41, 87, 176], 'predicted_iou': 0.9585435390472412, 'point_coords': [[980.0, 50.625]], 'stability_score': 0.9715237021446228, 'crop_box': [0, 0, 1280, 1080]}, {'segmentation': array([[False, False, False, ..., False, False, False],
       [False, False, False, ..., False, False, False],
       [False, False, False, ..., False, False, False],
       ...,
       [False, False, False, ..., False, False, False],
       [False, False, False, ..., False, False, False],
       [False, False, False, ..., False, False, False]]), 'area': 8599, 'bbox': [879, 0, 76, 244], 'predicted_iou': 0.9582301378250122, 'point_coords': [[940.0, 84.375]], 'stability_score': 0.9621436595916748, 'crop_box': [0, 0, 1280, 1080]}, {'segmentation': array([[False, False, False, ..., False, False, False],
       [False, False, False, ..., False, False, False],
       [False, False, False, ..., False, False, False],
       ...,
       [False, False, False, ..., False, False, False],
       [False, False, False, ..., False, False, False],
       [False, False, False, ..., False, False, False]]), 'area': 2448, 'bbox': [0, 603, 115, 56], 'predicted_iou': 0.9581359028816223, 'point_coords': [[100.0, 624.375]], 'stability_score': 0.9673518538475037, 'crop_box': [0, 0, 1280, 1080]}, {'segmentation': array([[False, False, False, ..., False, False, False],
       [False, False, False, ..., False, False, False],
       [False, False, False, ..., False, False, False],
       ...,
       [False, False, False, ..., False, False, False],
       [False, False, False, ..., False, False, False],
       [False, False, False, ..., False, False, False]]), 'area': 1475, 'bbox': [23, 73, 97, 33], 'predicted_iou': 0.957718014717102, 'point_coords': [[60.0, 84.375]], 'stability_score': 0.982503354549408, 'crop_box': [0, 0, 1280, 1080]}, {'segmentation': array([[False, False, False, ..., False, False, False],
       [False, False, False, ..., False, False, False],
       [False, False, False, ..., False, False, False],
       ...,
       [False, False, False, ..., False, False, False],
       [False, False, False, ..., False, False, False],
       [False, False, False, ..., False, False, False]]), 'area': 7433, 'bbox': [431, 373, 120, 83], 'predicted_iou': 0.9574340581893921, 'point_coords': [[500.0, 388.125]], 'stability_score': 0.9663054943084717, 'crop_box': [0, 0, 1280, 1080]}, {'segmentation': array([[False, False, False, ..., False, False, False],
       [False, False, False, ..., False, False, False],
       [False, False, False, ..., False, False, False],
       ...,
       [False, False, False, ..., False, False, False],
       [False, False, False, ..., False, False, False],
       [False, False, False, ..., False, False, False]]), 'area': 2688, 'bbox': [350, 480, 79, 59], 'predicted_iou': 0.9567217826843262, 'point_coords': [[380.0, 523.125]], 'stability_score': 0.9771302342414856, 'crop_box': [0, 0, 1280, 1080]}, {'segmentation': array([[False, False, False, ..., False, False, False],
       [False, False, False, ..., False, False, False],
       [False, False, False, ..., False, False, False],
       ...,
       [False, False, False, ..., False, False, False],
       [False, False, False, ..., False, False, False],
       [False, False, False, ..., False, False, False]]), 'area': 19261, 'bbox': [126, 96, 379, 525], 'predicted_iou': 0.9562159776687622, 'point_coords': [[180.0, 151.875]], 'stability_score': 0.9576404690742493, 'crop_box': [0, 0, 1280, 1080]}, {'segmentation': array([[False, False, False, ..., False, False, False],
       [False, False, False, ..., False, False, False],
       [False, False, False, ..., False, False, False],
       ...,
       [False, False, False, ..., False, False, False],
       [False, False, False, ..., False, False, False],
       [False, False, False, ..., False, False, False]]), 'area': 22715, 'bbox': [715, 461, 378, 161], 'predicted_iou': 0.9553735256195068, 'point_coords': [[980.0, 523.125]], 'stability_score': 0.9590237736701965, 'crop_box': [0, 0, 1280, 1080]}, {'segmentation': array([[False, False, False, ..., False, False, False],
       [False, False, False, ..., False, False, False],
       [False, False, False, ..., False, False, False],
       ...,
       [False, False, False, ..., False, False, False],
       [False, False, False, ..., False, False, False],
       [False, False, False, ..., False, False, False]]), 'area': 8767, 'bbox': [1176, 77, 101, 150], 'predicted_iou': 0.9547300338745117, 'point_coords': [[1220.0, 84.375]], 'stability_score': 0.9754753112792969, 'crop_box': [0, 0, 1280, 1080]}, {'segmentation': array([[False, False, False, ..., False, False, False],
       [False, False, False, ..., False, False, False],
       [False, False, False, ..., False, False, False],
       ...,
       [False, False, False, ..., False, False, False],
       [False, False, False, ..., False, False, False],
       [False, False, False, ..., False, False, False]]), 'area': 1193, 'bbox': [575, 297, 28, 48], 'predicted_iou': 0.9546766877174377, 'point_coords': [[580.0, 320.625]], 'stability_score': 0.9775561094284058, 'crop_box': [0, 0, 1280, 1080]}, {'segmentation': array([[False, False, False, ..., False, False, False],
       [False, False, False, ..., False, False, False],
       [False, False, False, ..., False, False, False],
       ...,
       [False, False, False, ..., False, False, False],
       [False, False, False, ..., False, False, False],
       [False, False, False, ..., False, False, False]]), 'area': 8058, 'bbox': [374, 408, 244, 193], 'predicted_iou': 0.9545230865478516, 'point_coords': [[580.0, 455.625]], 'stability_score': 0.9568231701850891, 'crop_box': [0, 0, 1280, 1080]}, {'segmentation': array([[False, False, False, ..., False, False, False],
       [False, False, False, ..., False, False, False],
       [False, False, False, ..., False, False, False],
       ...,
       [False, False, False, ..., False, False, False],
       [False, False, False, ..., False, False, False],
       [False, False, False, ..., False, False, False]]), 'area': 2126, 'bbox': [1127, 470, 51, 98], 'predicted_iou': 0.9523695707321167, 'point_coords': [[1140.0, 556.875]], 'stability_score': 0.9730358123779297, 'crop_box': [0, 0, 1280, 1080]}, {'segmentation': array([[False, False, False, ..., False, False, False],
       [False, False, False, ..., False, False, False],
       [False, False, False, ..., False, False, False],
       ...,
       [False, False, False, ..., False, False, False],
       [False, False, False, ..., False, False, False],
       [False, False, False, ..., False, False, False]]), 'area': 2476, 'bbox': [983, 324, 57, 66], 'predicted_iou': 0.9517600536346436, 'point_coords': [[1020.0, 354.375]], 'stability_score': 0.9772364497184753, 'crop_box': [0, 0, 1280, 1080]}, {'segmentation': array([[False, False, False, ..., False, False, False],
       [False, False, False, ..., False, False, False],
       [False, False, False, ..., False, False, False],
       ...,
       [False, False, False, ..., False, False, False],
       [False, False, False, ..., False, False, False],
       [False, False, False, ..., False, False, False]]), 'area': 6694, 'bbox': [1092, 1014, 165, 64], 'predicted_iou': 0.9513657093048096, 'point_coords': [[1220.0, 1063.125]], 'stability_score': 0.9706792235374451, 'crop_box': [0, 0, 1280, 1080]}, {'segmentation': array([[False, False, False, ..., False, False, False],
       [False, False, False, ..., False, False, False],
       [False, False, False, ..., False, False, False],
       ...,
       [False, False, False, ..., False, False, False],
       [False, False, False, ..., False, False, False],
       [False, False, False, ..., False, False, False]]), 'area': 17402, 'bbox': [1115, 466, 94, 305], 'predicted_iou': 0.9508415460586548, 'point_coords': [[1180.0, 590.625]], 'stability_score': 0.9731292724609375, 'crop_box': [0, 0, 1280, 1080]}, {'segmentation': array([[False, False, False, ..., False, False, False],
       [False, False, False, ..., False, False, False],
       [False, False, False, ..., False, False, False],
       ...,
       [False, False, False, ..., False, False, False],
       [False, False, False, ..., False, False, False],
       [False, False, False, ..., False, False, False]]), 'area': 1149, 'bbox': [559, 367, 40, 37], 'predicted_iou': 0.9490301609039307, 'point_coords': [[580.0, 388.125]], 'stability_score': 0.9870800971984863, 'crop_box': [0, 0, 1280, 1080]}, {'segmentation': array([[False, False, False, ..., False, False, False],
       [False, False, False, ..., False, False, False],
       [False, False, False, ..., False, False, False],
       ...,
       [False, False, False, ..., False, False, False],
       [False, False, False, ..., False, False, False],
       [False, False, False, ..., False, False, False]]), 'area': 3504, 'bbox': [632, 499, 109, 119], 'predicted_iou': 0.9481425285339355, 'point_coords': [[700.0, 556.875]], 'stability_score': 0.9698930978775024, 'crop_box': [0, 0, 1280, 1080]}, {'segmentation': array([[False, False, False, ..., False, False, False],
       [False, False, False, ..., False, False, False],
       [False, False, False, ..., False, False, False],
       ...,
       [False, False, False, ..., False, False, False],
       [False, False, False, ..., False, False, False],
       [False, False, False, ..., False, False, False]]), 'area': 895, 'bbox': [854, 383, 38, 27], 'predicted_iou': 0.9473507404327393, 'point_coords': [[860.0, 388.125]], 'stability_score': 0.9790979027748108, 'crop_box': [0, 0, 1280, 1080]}, {'segmentation': array([[False, False, False, ..., False, False, False],
       [False, False, False, ..., False, False, False],
       [False, False, False, ..., False, False, False],
       ...,
       [False, False, False, ..., False, False, False],
       [False, False, False, ..., False, False, False],
       [False, False, False, ..., False, False, False]]), 'area': 3863, 'bbox': [164, 41, 134, 38], 'predicted_iou': 0.9470478892326355, 'point_coords': [[220.0, 50.625]], 'stability_score': 0.9676845073699951, 'crop_box': [0, 0, 1280, 1080]}, {'segmentation': array([[False, False, False, ..., False, False, False],
       [False, False, False, ..., False, False, False],
       [False, False, False, ..., False, False, False],
       ...,
       [False, False, False, ..., False, False, False],
       [False, False, False, ..., False, False, False],
       [False, False, False, ..., False, False, False]]), 'area': 4423, 'bbox': [612, 124, 93, 65], 'predicted_iou': 0.9470117092132568, 'point_coords': [[660.0, 185.625]], 'stability_score': 0.9627329111099243, 'crop_box': [0, 0, 1280, 1080]}, {'segmentation': array([[False, False, False, ..., False, False, False],
       [False, False, False, ..., False, False, False],
       [False, False, False, ..., False, False, False],
       ...,
       [False, False, False, ..., False, False, False],
       [False, False, False, ..., False, False, False],
       [False, False, False, ..., False, False, False]]), 'area': 15959, 'bbox': [426, 521, 265, 130], 'predicted_iou': 0.9465500712394714, 'point_coords': [[620.0, 590.625]], 'stability_score': 0.9546869993209839, 'crop_box': [0, 0, 1280, 1080]}, {'segmentation': array([[False, False, False, ..., False, False, False],
       [False, False, False, ..., False, False, False],
       [False, False, False, ..., False, False, False],
       ...,
       [False, False, False, ..., False, False, False],
       [False, False, False, ..., False, False, False],
       [False, False, False, ..., False, False, False]]), 'area': 1198, 'bbox': [934, 145, 46, 29], 'predicted_iou': 0.9450339674949646, 'point_coords': [[940.0, 151.875]], 'stability_score': 0.9793046116828918, 'crop_box': [0, 0, 1280, 1080]}, {'segmentation': array([[False, False, False, ..., False, False, False],
       [False, False, False, ..., False, False, False],
       [False, False, False, ..., False, False, False],
       ...,
       [False, False, False, ..., False, False, False],
       [False, False, False, ..., False, False, False],
       [False, False, False, ..., False, False, False]]), 'area': 2478, 'bbox': [1040, 451, 90, 43], 'predicted_iou': 0.9443410634994507, 'point_coords': [[1100.0, 489.375]], 'stability_score': 0.9792580604553223, 'crop_box': [0, 0, 1280, 1080]}, {'segmentation': array([[False, False, False, ..., False, False, False],
       [False, False, False, ..., False, False, False],
       [False, False, False, ..., False, False, False],
       ...,
       [False, False, False, ..., False, False, False],
       [False, False, False, ..., False, False, False],
       [False, False, False, ..., False, False, False]]), 'area': 2600, 'bbox': [840, 248, 130, 35], 'predicted_iou': 0.9428601861000061, 'point_coords': [[860.0, 253.125]], 'stability_score': 0.9735249876976013, 'crop_box': [0, 0, 1280, 1080]}, {'segmentation': array([[False, False, False, ..., False, False, False],
       [False, False, False, ..., False, False, False],
       [False, False, False, ..., False, False, False],
       ...,
       [False, False, False, ..., False, False, False],
       [False, False, False, ..., False, False, False],
       [False, False, False, ..., False, False, False]]), 'area': 2588, 'bbox': [832, 304, 72, 73], 'predicted_iou': 0.9424406886100769, 'point_coords': [[900.0, 320.625]], 'stability_score': 0.9762997031211853, 'crop_box': [0, 0, 1280, 1080]}, {'segmentation': array([[False, False, False, ..., False, False, False],
       [False, False, False, ..., False, False, False],
       [False, False, False, ..., False, False, False],
       ...,
       [False, False, False, ..., False, False, False],
       [False, False, False, ..., False, False, False],
       [False, False, False, ..., False, False, False]]), 'area': 19846, 'bbox': [24, 0, 303, 183], 'predicted_iou': 0.9422677755355835, 'point_coords': [[140.0, 84.375]], 'stability_score': 0.9595814943313599, 'crop_box': [0, 0, 1280, 1080]}, {'segmentation': array([[False, False, False, ..., False, False, False],
       [False, False, False, ..., False, False, False],
       [False, False, False, ..., False, False, False],
       ...,
       [False, False, False, ..., False, False, False],
       [False, False, False, ..., False, False, False],
       [False, False, False, ..., False, False, False]]), 'area': 3266, 'bbox': [1157, 247, 122, 42], 'predicted_iou': 0.9419573545455933, 'point_coords': [[1180.0, 253.125]], 'stability_score': 0.9799696803092957, 'crop_box': [0, 0, 1280, 1080]}, {'segmentation': array([[False, False, False, ..., False, False, False],
       [False, False, False, ..., False, False, False],
       [False, False, False, ..., False, False, False],
       ...,
       [False, False, False, ..., False, False, False],
       [False, False, False, ..., False, False, False],
       [False, False, False, ..., False, False, False]]), 'area': 696, 'bbox': [1247, 470, 32, 28], 'predicted_iou': 0.9404618144035339, 'point_coords': [[1260.0, 489.375]], 'stability_score': 0.9661017060279846, 'crop_box': [0, 0, 1280, 1080]}, {'segmentation': array([[False, False, False, ..., False, False, False],
       [False, False, False, ..., False, False, False],
       [False, False, False, ..., False, False, False],
       ...,
       [False, False, False, ..., False, False, False],
       [False, False, False, ..., False, False, False],
       [False, False, False, ..., False, False, False]]), 'area': 15701, 'bbox': [431, 372, 119, 205], 'predicted_iou': 0.9396828413009644, 'point_coords': [[460.0, 523.125]], 'stability_score': 0.9579742550849915, 'crop_box': [0, 0, 1280, 1080]}, {'segmentation': array([[False, False, False, ..., False, False, False],
       [False, False, False, ..., False, False, False],
       [False, False, False, ..., False, False, False],
       ...,
       [False, False, False, ..., False, False, False],
       [False, False, False, ..., False, False, False],
       [False, False, False, ..., False, False, False]]), 'area': 13316, 'bbox': [1041, 451, 238, 115], 'predicted_iou': 0.9395184516906738, 'point_coords': [[1180.0, 489.375]], 'stability_score': 0.9655554890632629, 'crop_box': [0, 0, 1280, 1080]}, {'segmentation': array([[False, False, False, ..., False, False, False],
       [False, False, False, ..., False, False, False],
       [False, False, False, ..., False, False, False],
       ...,
       [False, False, False, ..., False, False, False],
       [False, False, False, ..., False, False, False],
       [False, False, False, ..., False, False, False]]), 'area': 992, 'bbox': [909, 237, 61, 23], 'predicted_iou': 0.9387322664260864, 'point_coords': [[940.0, 253.125]], 'stability_score': 0.9819276928901672, 'crop_box': [0, 0, 1280, 1080]}, {'segmentation': array([[False, False, False, ..., False, False, False],
       [False, False, False, ..., False, False, False],
       [False, False, False, ..., False, False, False],
       ...,
       [False, False, False, ..., False, False, False],
       [False, False, False, ..., False, False, False],
       [False, False, False, ..., False, False, False]]), 'area': 6059, 'bbox': [451, 994, 142, 83], 'predicted_iou': 0.9377166628837585, 'point_coords': [[540.0, 1063.125]], 'stability_score': 0.9654893279075623, 'crop_box': [0, 0, 1280, 1080]}, {'segmentation': array([[False, False, False, ..., False, False, False],
       [False, False, False, ..., False, False, False],
       [False, False, False, ..., False, False, False],
       ...,
       [False, False, False, ..., False, False, False],
       [False, False, False, ..., False, False, False],
       [False, False, False, ..., False, False, False]]), 'area': 1840, 'bbox': [927, 413, 73, 59], 'predicted_iou': 0.9376674890518188, 'point_coords': [[980.0, 455.625]], 'stability_score': 0.973219096660614, 'crop_box': [0, 0, 1280, 1080]}, {'segmentation': array([[False, False, False, ..., False, False, False],
       [False, False, False, ..., False, False, False],
       [False, False, False, ..., False, False, False],
       ...,
       [False, False, False, ..., False, False, False],
       [False, False, False, ..., False, False, False],
       [False, False, False, ..., False, False, False]]), 'area': 6340, 'bbox': [118, 0, 160, 178], 'predicted_iou': 0.936890184879303, 'point_coords': [[180.0, 16.875]], 'stability_score': 0.951846182346344, 'crop_box': [0, 0, 1280, 1080]}, {'segmentation': array([[False, False, False, ..., False, False, False],
       [False, False, False, ..., False, False, False],
       [False, False, False, ..., False, False, False],
       ...,
       [False, False, False, ..., False, False, False],
       [False, False, False, ..., False, False, False],
       [False, False, False, ..., False, False, False]]), 'area': 1040, 'bbox': [688, 586, 53, 32], 'predicted_iou': 0.9364113807678223, 'point_coords': [[700.0, 590.625]], 'stability_score': 0.9519773721694946, 'crop_box': [0, 0, 1280, 1080]}, {'segmentation': array([[False, False, False, ..., False, False, False],
       [False, False, False, ..., False, False, False],
       [False, False, False, ..., False, False, False],
       ...,
       [False, False, False, ..., False, False, False],
       [False, False, False, ..., False, False, False],
       [False, False, False, ..., False, False, False]]), 'area': 8082, 'bbox': [1150, 480, 129, 86], 'predicted_iou': 0.9362313151359558, 'point_coords': [[1180.0, 489.375]], 'stability_score': 0.9783433079719543, 'crop_box': [0, 0, 1280, 1080]}, {'segmentation': array([[False, False, False, ..., False, False, False],
       [False, False, False, ..., False, False, False],
       [False, False, False, ..., False, False, False],
       ...,
       [False, False, False, ..., False, False, False],
       [False, False, False, ..., False, False, False],
       [False, False, False, ..., False, False, False]]), 'area': 2455, 'bbox': [897, 504, 73, 64], 'predicted_iou': 0.9357972741127014, 'point_coords': [[900.0, 523.125]], 'stability_score': 0.9617072343826294, 'crop_box': [0, 0, 1280, 1080]}, {'segmentation': array([[False, False, False, ..., False, False, False],
       [False, False, False, ..., False, False, False],
       [False, False, False, ..., False, False, False],
       ...,
       [False, False, False, ..., False, False, False],
       [False, False, False, ..., False, False, False],
       [False, False, False, ..., False, False, False]]), 'area': 1145, 'bbox': [709, 715, 43, 44], 'predicted_iou': 0.9355060458183289, 'point_coords': [[740.0, 725.625]], 'stability_score': 0.9732989072799683, 'crop_box': [0, 0, 1280, 1080]}, {'segmentation': array([[False, False, False, ..., False, False, False],
       [False, False, False, ..., False, False, False],
       [False, False, False, ..., False, False, False],
       ...,
       [False, False, False, ..., False, False, False],
       [False, False, False, ..., False, False, False],
       [False, False, False, ..., False, False, False]]), 'area': 3595, 'bbox': [841, 266, 140, 50], 'predicted_iou': 0.9340821504592896, 'point_coords': [[860.0, 286.875]], 'stability_score': 0.9671682715415955, 'crop_box': [0, 0, 1280, 1080]}, {'segmentation': array([[False, False, False, ..., False, False, False],
       [False, False, False, ..., False, False, False],
       [False, False, False, ..., False, False, False],
       ...,
       [False, False, False, ..., False, False, False],
       [False, False, False, ..., False, False, False],
       [False, False, False, ..., False, False, False]]), 'area': 2487, 'bbox': [559, 336, 43, 70], 'predicted_iou': 0.9335546493530273, 'point_coords': [[580.0, 354.375]], 'stability_score': 0.9660481810569763, 'crop_box': [0, 0, 1280, 1080]}, {'segmentation': array([[False, False, False, ..., False, False, False],
       [False, False, False, ..., False, False, False],
       [False, False, False, ..., False, False, False],
       ...,
       [False, False, False, ..., False, False, False],
       [False, False, False, ..., False, False, False],
       [False, False, False, ..., False, False, False]]), 'area': 6999, 'bbox': [436, 679, 132, 125], 'predicted_iou': 0.933471143245697, 'point_coords': [[540.0, 725.625]], 'stability_score': 0.9640196561813354, 'crop_box': [0, 0, 1280, 1080]}, {'segmentation': array([[False, False, False, ..., False, False, False],
       [False, False, False, ..., False, False, False],
       [False, False, False, ..., False, False, False],
       ...,
       [False, False, False, ..., False, False, False],
       [False, False, False, ..., False, False, False],
       [False, False, False, ..., False, False, False]]), 'area': 3366, 'bbox': [1011, 416, 157, 53], 'predicted_iou': 0.93345046043396, 'point_coords': [[1020.0, 421.875]], 'stability_score': 0.959837019443512, 'crop_box': [0, 0, 1280, 1080]}, {'segmentation': array([[False, False, False, ..., False, False, False],
       [False, False, False, ..., False, False, False],
       [False, False, False, ..., False, False, False],
       ...,
       [False, False, False, ..., False, False, False],
       [False, False, False, ..., False, False, False],
       [False, False, False, ..., False, False, False]]), 'area': 88335, 'bbox': [0, 511, 690, 424], 'predicted_iou': 0.933447003364563, 'point_coords': [[260.0, 691.875]], 'stability_score': 0.9512305855751038, 'crop_box': [0, 0, 1280, 1080]}, {'segmentation': array([[False, False, False, ..., False, False, False],
       [False, False, False, ..., False, False, False],
       [False, False, False, ..., False, False, False],
       ...,
       [False, False, False, ..., False, False, False],
       [False, False, False, ..., False, False, False],
       [False, False, False, ..., False, False, False]]), 'area': 794, 'bbox': [1045, 317, 51, 23], 'predicted_iou': 0.9323161244392395, 'point_coords': [[1060.0, 320.625]], 'stability_score': 0.9727723002433777, 'crop_box': [0, 0, 1280, 1080]}, {'segmentation': array([[False, False, False, ..., False, False, False],
       [False, False, False, ..., False, False, False],
       [False, False, False, ..., False, False, False],
       ...,
       [False, False, False, ..., False, False, False],
       [False, False, False, ..., False, False, False],
       [False, False, False, ..., False, False, False]]), 'area': 191670, 'bbox': [0, 0, 508, 1005], 'predicted_iou': 0.9307454824447632, 'point_coords': [[140.0, 84.375]], 'stability_score': 0.9694826006889343, 'crop_box': [0, 0, 1280, 1080]}, {'segmentation': array([[False, False, False, ..., False, False, False],
       [False, False, False, ..., False, False, False],
       [False, False, False, ..., False, False, False],
       ...,
       [False, False, False, ..., False, False, False],
       [False, False, False, ..., False, False, False],
       [False, False, False, ..., False, False, False]]), 'area': 1155, 'bbox': [1072, 199, 51, 29], 'predicted_iou': 0.9304952621459961, 'point_coords': [[1100.0, 219.375]], 'stability_score': 0.9643765687942505, 'crop_box': [0, 0, 1280, 1080]}, {'segmentation': array([[False, False, False, ..., False, False, False],
       [False, False, False, ..., False, False, False],
       [False, False, False, ..., False, False, False],
       ...,
       [False, False, False, ..., False, False, False],
       [False, False, False, ..., False, False, False],
       [False, False, False, ..., False, False, False]]), 'area': 1458, 'bbox': [1126, 350, 31, 69], 'predicted_iou': 0.930336058139801, 'point_coords': [[1140.0, 388.125]], 'stability_score': 0.9697173833847046, 'crop_box': [0, 0, 1280, 1080]}, {'segmentation': array([[False, False, False, ..., False, False, False],
       [False, False, False, ..., False, False, False],
       [False, False, False, ..., False, False, False],
       ...,
       [False, False, False, ..., False, False, False],
       [False, False, False, ..., False, False, False],
       [False, False, False, ..., False, False, False]]), 'area': 1969, 'bbox': [620, 155, 85, 34], 'predicted_iou': 0.9293298125267029, 'point_coords': [[660.0, 185.625]], 'stability_score': 0.9779338240623474, 'crop_box': [0, 0, 1280, 1080]}, {'segmentation': array([[False, False, False, ..., False, False, False],
       [False, False, False, ..., False, False, False],
       [False, False, False, ..., False, False, False],
       ...,
       [False, False, False, ..., False, False, False],
       [False, False, False, ..., False, False, False],
       [False, False, False, ..., False, False, False]]), 'area': 3841, 'bbox': [309, 166, 95, 57], 'predicted_iou': 0.9276569485664368, 'point_coords': [[340.0, 185.625]], 'stability_score': 0.9573928713798523, 'crop_box': [0, 0, 1280, 1080]}, {'segmentation': array([[False, False, False, ..., False, False, False],
       [False, False, False, ..., False, False, False],
       [False, False, False, ..., False, False, False],
       ...,
       [False, False, False, ..., False, False, False],
       [False, False, False, ..., False, False, False],
       [False, False, False, ..., False, False, False]]), 'area': 1211, 'bbox': [560, 68, 52, 28], 'predicted_iou': 0.9275827407836914, 'point_coords': [[580.0, 84.375]], 'stability_score': 0.9651821851730347, 'crop_box': [0, 0, 1280, 1080]}, {'segmentation': array([[False, False, False, ..., False, False, False],
       [False, False, False, ..., False, False, False],
       [False, False, False, ..., False, False, False],
       ...,
       [False, False, False, ..., False, False, False],
       [False, False, False, ..., False, False, False],
       [False, False, False, ..., False, False, False]]), 'area': 1534, 'bbox': [1205, 293, 74, 31], 'predicted_iou': 0.9262429475784302, 'point_coords': [[1260.0, 320.625]], 'stability_score': 0.9730769395828247, 'crop_box': [0, 0, 1280, 1080]}, {'segmentation': array([[False, False, False, ..., False, False, False],
       [False, False, False, ..., False, False, False],
       [False, False, False, ..., False, False, False],
       ...,
       [False, False, False, ..., False, False, False],
       [False, False, False, ..., False, False, False],
       [False, False, False, ..., False, False, False]]), 'area': 3963, 'bbox': [832, 304, 132, 74], 'predicted_iou': 0.9260433912277222, 'point_coords': [[860.0, 320.625]], 'stability_score': 0.9587857723236084, 'crop_box': [0, 0, 1280, 1080]}, {'segmentation': array([[False, False, False, ..., False, False, False],
       [False, False, False, ..., False, False, False],
       [False, False, False, ..., False, False, False],
       ...,
       [False, False, False, ..., False, False, False],
       [False, False, False, ..., False, False, False],
       [False, False, False, ..., False, False, False]]), 'area': 603, 'bbox': [602, 283, 27, 24], 'predicted_iou': 0.9239762425422668, 'point_coords': [[620.0, 286.875]], 'stability_score': 0.9802631735801697, 'crop_box': [0, 0, 1280, 1080]}, {'segmentation': array([[False, False, False, ..., False, False, False],
       [False, False, False, ..., False, False, False],
       [False, False, False, ..., False, False, False],
       ...,
       [False, False, False, ..., False, False, False],
       [False, False, False, ..., False, False, False],
       [False, False, False, ..., False, False, False]]), 'area': 2259, 'bbox': [922, 0, 106, 30], 'predicted_iou': 0.9239461421966553, 'point_coords': [[980.0, 16.875]], 'stability_score': 0.9651111960411072, 'crop_box': [0, 0, 1280, 1080]}, {'segmentation': array([[False, False, False, ..., False, False, False],
       [False, False, False, ..., False, False, False],
       [False, False, False, ..., False, False, False],
       ...,
       [False, False, False, ..., False, False, False],
       [False, False, False, ..., False, False, False],
       [False, False, False, ..., False, False, False]]), 'area': 1448, 'bbox': [745, 376, 67, 38], 'predicted_iou': 0.9238605499267578, 'point_coords': [[780.0, 388.125]], 'stability_score': 0.9693460464477539, 'crop_box': [0, 0, 1280, 1080]}, {'segmentation': array([[False, False, False, ..., False, False, False],
       [False, False, False, ..., False, False, False],
       [False, False, False, ..., False, False, False],
       ...,
       [False, False, False, ..., False, False, False],
       [False, False, False, ..., False, False, False],
       [False, False, False, ..., False, False, False]]), 'area': 354, 'bbox': [600, 218, 21, 19], 'predicted_iou': 0.920295774936676, 'point_coords': [[620.0, 219.375]], 'stability_score': 0.9777158498764038, 'crop_box': [0, 0, 1280, 1080]}, {'segmentation': array([[False, False, False, ..., False, False, False],
       [False, False, False, ..., False, False, False],
       [False, False, False, ..., False, False, False],
       ...,
       [False, False, False, ..., False, False, False],
       [False, False, False, ..., False, False, False],
       [False, False, False, ..., False, False, False]]), 'area': 837, 'bbox': [477, 345, 42, 28], 'predicted_iou': 0.9200214147567749, 'point_coords': [[500.0, 354.375]], 'stability_score': 0.9681603908538818, 'crop_box': [0, 0, 1280, 1080]}, {'segmentation': array([[False, False, False, ..., False, False, False],
       [False, False, False, ..., False, False, False],
       [False, False, False, ..., False, False, False],
       ...,
       [False, False, False, ..., False, False, False],
       [False, False, False, ..., False, False, False],
       [False, False, False, ..., False, False, False]]), 'area': 3481, 'bbox': [205, 128, 115, 41], 'predicted_iou': 0.9193707704544067, 'point_coords': [[220.0, 151.875]], 'stability_score': 0.9747087359428406, 'crop_box': [0, 0, 1280, 1080]}, {'segmentation': array([[False, False, False, ..., False, False, False],
       [False, False, False, ..., False, False, False],
       [False, False, False, ..., False, False, False],
       ...,
       [False, False, False, ..., False, False, False],
       [False, False, False, ..., False, False, False],
       [False, False, False, ..., False, False, False]]), 'area': 925, 'bbox': [13, 580, 59, 42], 'predicted_iou': 0.9193468689918518, 'point_coords': [[60.0, 590.625]], 'stability_score': 0.9588173031806946, 'crop_box': [0, 0, 1280, 1080]}, {'segmentation': array([[False, False, False, ..., False, False, False],
       [False, False, False, ..., False, False, False],
       [False, False, False, ..., False, False, False],
       ...,
       [False, False, False, ..., False, False, False],
       [False, False, False, ..., False, False, False],
       [False, False, False, ..., False, False, False]]), 'area': 1448, 'bbox': [1167, 450, 81, 32], 'predicted_iou': 0.9191997647285461, 'point_coords': [[1180.0, 455.625]], 'stability_score': 0.9721656441688538, 'crop_box': [0, 0, 1280, 1080]}, {'segmentation': array([[False, False, False, ..., False, False, False],
       [False, False, False, ..., False, False, False],
       [False, False, False, ..., False, False, False],
       ...,
       [False, False, False, ..., False, False, False],
       [False, False, False, ..., False, False, False],
       [False, False, False, ..., False, False, False]]), 'area': 954, 'bbox': [1002, 194, 69, 26], 'predicted_iou': 0.9171769022941589, 'point_coords': [[1060.0, 219.375]], 'stability_score': 0.9618163108825684, 'crop_box': [0, 0, 1280, 1080]}, {'segmentation': array([[False, False, False, ..., False, False, False],
       [False, False, False, ..., False, False, False],
       [False, False, False, ..., False, False, False],
       ...,
       [False, False, False, ..., False, False, False],
       [False, False, False, ..., False, False, False],
       [False, False, False, ..., False, False, False]]), 'area': 254, 'bbox': [695, 95, 11, 24], 'predicted_iou': 0.9170664548873901, 'point_coords': [[700.0, 118.125]], 'stability_score': 0.9764705896377563, 'crop_box': [0, 0, 1280, 1080]}, {'segmentation': array([[False, False, False, ..., False, False, False],
       [False, False, False, ..., False, False, False],
       [False, False, False, ..., False, False, False],
       ...,
       [False, False, False, ..., False, False, False],
       [False, False, False, ..., False, False, False],
       [False, False, False, ..., False, False, False]]), 'area': 3327, 'bbox': [36, 179, 98, 68], 'predicted_iou': 0.9150627851486206, 'point_coords': [[60.0, 219.375]], 'stability_score': 0.9559600949287415, 'crop_box': [0, 0, 1280, 1080]}, {'segmentation': array([[False, False, False, ..., False, False, False],
       [False, False, False, ..., False, False, False],
       [False, False, False, ..., False, False, False],
       ...,
       [False, False, False, ..., False, False, False],
       [False, False, False, ..., False, False, False],
       [False, False, False, ..., False, False, False]]), 'area': 2994, 'bbox': [1062, 560, 68, 65], 'predicted_iou': 0.9148744940757751, 'point_coords': [[1100.0, 624.375]], 'stability_score': 0.9504401683807373, 'crop_box': [0, 0, 1280, 1080]}, {'segmentation': array([[False, False, False, ..., False, False, False],
       [False, False, False, ..., False, False, False],
       [False, False, False, ..., False, False, False],
       ...,
       [False, False, False, ..., False, False, False],
       [False, False, False, ..., False, False, False],
       [False, False, False, ..., False, False, False]]), 'area': 2596, 'bbox': [399, 789, 73, 58], 'predicted_iou': 0.9136996865272522, 'point_coords': [[460.0, 826.875]], 'stability_score': 0.9620925188064575, 'crop_box': [0, 0, 1280, 1080]}, {'segmentation': array([[False, False, False, ..., False, False, False],
       [False, False, False, ..., False, False, False],
       [False, False, False, ..., False, False, False],
       ...,
       [False, False, False, ..., False, False, False],
       [False, False, False, ..., False, False, False],
       [False, False, False, ..., False, False, False]]), 'area': 1447, 'bbox': [853, 376, 53, 34], 'predicted_iou': 0.9123516082763672, 'point_coords': [[900.0, 388.125]], 'stability_score': 0.9754098653793335, 'crop_box': [0, 0, 1280, 1080]}, {'segmentation': array([[False, False, False, ..., False, False, False],
       [False, False, False, ..., False, False, False],
       [False, False, False, ..., False, False, False],
       ...,
       [False, False, False, ..., False, False, False],
       [False, False, False, ..., False, False, False],
       [False, False, False, ..., False, False, False]]), 'area': 416, 'bbox': [1120, 943, 32, 22], 'predicted_iou': 0.9121089577674866, 'point_coords': [[1140.0, 961.875]], 'stability_score': 0.9738717079162598, 'crop_box': [0, 0, 1280, 1080]}, {'segmentation': array([[False, False, False, ..., False, False, False],
       [False, False, False, ..., False, False, False],
       [False, False, False, ..., False, False, False],
       ...,
       [False, False, False, ..., False, False, False],
       [False, False, False, ..., False, False, False],
       [False, False, False, ..., False, False, False]]), 'area': 4953, 'bbox': [883, 453, 228, 88], 'predicted_iou': 0.9121063947677612, 'point_coords': [[980.0, 489.375]], 'stability_score': 0.950559139251709, 'crop_box': [0, 0, 1280, 1080]}, {'segmentation': array([[False, False, False, ..., False, False, False],
       [False, False, False, ..., False, False, False],
       [False, False, False, ..., False, False, False],
       ...,
       [False, False, False, ..., False, False, False],
       [False, False, False, ..., False, False, False],
       [False, False, False, ..., False, False, False]]), 'area': 92141, 'bbox': [22, 799, 570, 278], 'predicted_iou': 0.9114725589752197, 'point_coords': [[500.0, 1063.125]], 'stability_score': 0.9594007134437561, 'crop_box': [0, 0, 1280, 1080]}, {'segmentation': array([[False, False, False, ..., False, False, False],
       [False, False, False, ..., False, False, False],
       [False, False, False, ..., False, False, False],
       ...,
       [False, False, False, ..., False, False, False],
       [False, False, False, ..., False, False, False],
       [False, False, False, ..., False, False, False]]), 'area': 753, 'bbox': [905, 373, 42, 25], 'predicted_iou': 0.9095932245254517, 'point_coords': [[940.0, 388.125]], 'stability_score': 0.9622886776924133, 'crop_box': [0, 0, 1280, 1080]}, {'segmentation': array([[False, False, False, ..., False, False, False],
       [False, False, False, ..., False, False, False],
       [False, False, False, ..., False, False, False],
       ...,
       [False, False, False, ..., False, False, False],
       [False, False, False, ..., False, False, False],
       [False, False, False, ..., False, False, False]]), 'area': 1173, 'bbox': [559, 336, 41, 39], 'predicted_iou': 0.908657968044281, 'point_coords': [[580.0, 354.375]], 'stability_score': 0.9657477140426636, 'crop_box': [0, 0, 1280, 1080]}, {'segmentation': array([[False, False, False, ..., False, False, False],
       [False, False, False, ..., False, False, False],
       [False, False, False, ..., False, False, False],
       ...,
       [False, False, False, ..., False, False, False],
       [False, False, False, ..., False, False, False],
       [False, False, False, ..., False, False, False]]), 'area': 1296, 'bbox': [370, 511, 59, 29], 'predicted_iou': 0.9079049229621887, 'point_coords': [[380.0, 523.125]], 'stability_score': 0.9501133561134338, 'crop_box': [0, 0, 1280, 1080]}, {'segmentation': array([[False, False, False, ..., False, False, False],
       [False, False, False, ..., False, False, False],
       [False, False, False, ..., False, False, False],
       ...,
       [False, False, False, ..., False, False, False],
       [False, False, False, ..., False, False, False],
       [False, False, False, ..., False, False, False]]), 'area': 1425, 'bbox': [516, 0, 32, 82], 'predicted_iou': 0.9075798392295837, 'point_coords': [[540.0, 50.625]], 'stability_score': 0.9589040875434875, 'crop_box': [0, 0, 1280, 1080]}, {'segmentation': array([[False, False, False, ..., False, False, False],
       [False, False, False, ..., False, False, False],
       [False, False, False, ..., False, False, False],
       ...,
       [False, False, False, ..., False, False, False],
       [False, False, False, ..., False, False, False],
       [False, False, False, ..., False, False, False]]), 'area': 886, 'bbox': [535, 143, 28, 84], 'predicted_iou': 0.9066994190216064, 'point_coords': [[540.0, 185.625]], 'stability_score': 0.9765100479125977, 'crop_box': [0, 0, 1280, 1080]}, {'segmentation': array([[False, False, False, ..., False, False, False],
       [False, False, False, ..., False, False, False],
       [False, False, False, ..., False, False, False],
       ...,
       [False, False, False, ..., False, False, False],
       [False, False, False, ..., False, False, False],
       [False, False, False, ..., False, False, False]]), 'area': 2529, 'bbox': [966, 73, 46, 63], 'predicted_iou': 0.9055660367012024, 'point_coords': [[980.0, 118.125]], 'stability_score': 0.9508703947067261, 'crop_box': [0, 0, 1280, 1080]}, {'segmentation': array([[False, False, False, ..., False, False, False],
       [False, False, False, ..., False, False, False],
       [False, False, False, ..., False, False, False],
       ...,
       [False, False, False, ..., False, False, False],
       [False, False, False, ..., False, False, False],
       [False, False, False, ..., False, False, False]]), 'area': 851, 'bbox': [716, 447, 76, 39], 'predicted_iou': 0.9040389657020569, 'point_coords': [[780.0, 455.625]], 'stability_score': 0.963005781173706, 'crop_box': [0, 0, 1280, 1080]}, {'segmentation': array([[False, False, False, ..., False, False, False],
       [False, False, False, ..., False, False, False],
       [False, False, False, ..., False, False, False],
       ...,
       [False, False, False, ..., False, False, False],
       [False, False, False, ..., False, False, False],
       [False, False, False, ..., False, False, False]]), 'area': 6688, 'bbox': [124, 476, 333, 145], 'predicted_iou': 0.9016394019126892, 'point_coords': [[140.0, 556.875]], 'stability_score': 0.9519467353820801, 'crop_box': [0, 0, 1280, 1080]}, {'segmentation': array([[False, False, False, ..., False, False, False],
       [False, False, False, ..., False, False, False],
       [False, False, False, ..., False, False, False],
       ...,
       [False, False, False, ..., False, False, False],
       [False, False, False, ..., False, False, False],
       [False, False, False, ..., False, False, False]]), 'area': 940, 'bbox': [799, 420, 47, 26], 'predicted_iou': 0.9004318118095398, 'point_coords': [[820.0, 421.875]], 'stability_score': 0.9696969985961914, 'crop_box': [0, 0, 1280, 1080]}, {'segmentation': array([[False, False, False, ..., False, False, False],
       [False, False, False, ..., False, False, False],
       [False, False, False, ..., False, False, False],
       ...,
       [False, False, False, ..., False, False, False],
       [False, False, False, ..., False, False, False],
       [False, False, False, ..., False, False, False]]), 'area': 1484, 'bbox': [569, 30, 44, 42], 'predicted_iou': 0.898586094379425, 'point_coords': [[580.0, 50.625]], 'stability_score': 0.9635278582572937, 'crop_box': [0, 0, 1280, 1080]}, {'segmentation': array([[False, False, False, ..., False, False, False],
       [False, False, False, ..., False, False, False],
       [False, False, False, ..., False, False, False],
       ...,
       [False, False, False, ..., False, False, False],
       [False, False, False, ..., False, False, False],
       [False, False, False, ..., False, False, False]]), 'area': 2461, 'bbox': [559, 307, 43, 98], 'predicted_iou': 0.8971254825592041, 'point_coords': [[580.0, 388.125]], 'stability_score': 0.9610647559165955, 'crop_box': [0, 0, 1280, 1080]}, {'segmentation': array([[False, False, False, ..., False, False, False],
       [False, False, False, ..., False, False, False],
       [False, False, False, ..., False, False, False],
       ...,
       [False, False, False, ..., False, False, False],
       [False, False, False, ..., False, False, False],
       [False, False, False, ..., False, False, False]]), 'area': 225, 'bbox': [260, 85, 29, 8], 'predicted_iou': 0.8962294459342957, 'point_coords': [[260.0, 84.375]], 'stability_score': 0.960869550704956, 'crop_box': [0, 0, 1280, 1080]}, {'segmentation': array([[False, False, False, ..., False, False, False],
       [False, False, False, ..., False, False, False],
       [False, False, False, ..., False, False, False],
       ...,
       [False, False, False, ..., False, False, False],
       [False, False, False, ..., False, False, False],
       [False, False, False, ..., False, False, False]]), 'area': 2585, 'bbox': [606, 123, 99, 34], 'predicted_iou': 0.8940895795822144, 'point_coords': [[660.0, 151.875]], 'stability_score': 0.9657273292541504, 'crop_box': [0, 0, 1280, 1080]}, {'segmentation': array([[False, False, False, ..., False, False, False],
       [False, False, False, ..., False, False, False],
       [False, False, False, ..., False, False, False],
       ...,
       [False, False, False, ..., False, False, False],
       [False, False, False, ..., False, False, False],
       [False, False, False, ..., False, False, False]]), 'area': 772, 'bbox': [279, 181, 26, 33], 'predicted_iou': 0.8931649327278137, 'point_coords': [[300.0, 185.625]], 'stability_score': 0.9631979465484619, 'crop_box': [0, 0, 1280, 1080]}, {'segmentation': array([[False, False, False, ..., False, False, False],
       [False, False, False, ..., False, False, False],
       [False, False, False, ..., False, False, False],
       ...,
       [False, False, False, ..., False, False, False],
       [False, False, False, ..., False, False, False],
       [False, False, False, ..., False, False, False]]), 'area': 235, 'bbox': [1022, 386, 24, 12], 'predicted_iou': 0.891502320766449, 'point_coords': [[1020.0, 388.125]], 'stability_score': 0.9663865566253662, 'crop_box': [0, 0, 1280, 1080]}, {'segmentation': array([[False, False, False, ..., False, False, False],
       [False, False, False, ..., False, False, False],
       [False, False, False, ..., False, False, False],
       ...,
       [False, False, False, ..., False, False, False],
       [False, False, False, ..., False, False, False],
       [False, False, False, ..., False, False, False]]), 'area': 589, 'bbox': [533, 62, 37, 30], 'predicted_iou': 0.8899394869804382, 'point_coords': [[540.0, 84.375]], 'stability_score': 0.979899525642395, 'crop_box': [0, 0, 1280, 1080]}, {'segmentation': array([[False, False, False, ..., False, False, False],
       [False, False, False, ..., False, False, False],
       [False, False, False, ..., False, False, False],
       ...,
       [False, False, False, ..., False, False, False],
       [False, False, False, ..., False, False, False],
       [False, False, False, ..., False, False, False]]), 'area': 1665, 'bbox': [278, 178, 51, 36], 'predicted_iou': 0.8850312232971191, 'point_coords': [[300.0, 185.625]], 'stability_score': 0.9599056839942932, 'crop_box': [0, 0, 1280, 1080]}, {'segmentation': array([[False, False, False, ..., False, False, False],
       [False, False, False, ..., False, False, False],
       [False, False, False, ..., False, False, False],
       ...,
       [False, False, False, ..., False, False, False],
       [False, False, False, ..., False, False, False],
       [False, False, False, ..., False, False, False]]), 'area': 605, 'bbox': [975, 538, 32, 27], 'predicted_iou': 0.8848997354507446, 'point_coords': [[980.0, 556.875]], 'stability_score': 0.9659643173217773, 'crop_box': [0, 0, 1280, 1080]}, {'segmentation': array([[False, False, False, ..., False, False, False],
       [False, False, False, ..., False, False, False],
       [False, False, False, ..., False, False, False],
       ...,
       [False, False, False, ..., False, False, False],
       [False, False, False, ..., False, False, False],
       [False, False, False, ..., False, False, False]]), 'area': 2018, 'bbox': [917, 388, 81, 44], 'predicted_iou': 0.8844541907310486, 'point_coords': [[940.0, 421.875]], 'stability_score': 0.9626213312149048, 'crop_box': [0, 0, 1280, 1080]}, {'segmentation': array([[False, False, False, ..., False, False, False],
       [False, False, False, ..., False, False, False],
       [False, False, False, ..., False, False, False],
       ...,
       [False, False, False, ..., False, False, False],
       [False, False, False, ..., False, False, False],
       [False, False, False, ..., False, False, False]]), 'area': 2628, 'bbox': [1139, 423, 140, 52], 'predicted_iou': 0.8833346962928772, 'point_coords': [[1220.0, 455.625]], 'stability_score': 0.9571853876113892, 'crop_box': [0, 0, 1280, 1080]}, {'segmentation': array([[False, False, False, ..., False, False, False],
       [False, False, False, ..., False, False, False],
       [False, False, False, ..., False, False, False],
       ...,
       [False, False, False, ..., False, False, False],
       [False, False, False, ..., False, False, False],
       [False, False, False, ..., False, False, False]]), 'area': 1432, 'bbox': [876, 413, 165, 47], 'predicted_iou': 0.8831982612609863, 'point_coords': [[900.0, 421.875]], 'stability_score': 0.9537414908409119, 'crop_box': [0, 0, 1280, 1080]}, {'segmentation': array([[False, False, False, ..., False, False, False],
       [False, False, False, ..., False, False, False],
       [False, False, False, ..., False, False, False],
       ...,
       [False, False, False, ..., False, False, False],
       [False, False, False, ..., False, False, False],
       [False, False, False, ..., False, False, False]]), 'area': 11853, 'bbox': [1079, 771, 127, 171], 'predicted_iou': 0.8815678954124451, 'point_coords': [[1140.0, 793.125]], 'stability_score': 0.9554013609886169, 'crop_box': [0, 0, 1280, 1080]}, {'segmentation': array([[False, False, False, ..., False, False, False],
       [False, False, False, ..., False, False, False],
       [False, False, False, ..., False, False, False],
       ...,
       [False, False, False, ..., False, False, False],
       [False, False, False, ..., False, False, False],
       [False, False, False, ..., False, False, False]]), 'area': 91497, 'bbox': [20, 754, 699, 322], 'predicted_iou': 0.8814506530761719, 'point_coords': [[300.0, 826.875]], 'stability_score': 0.9582048654556274, 'crop_box': [0, 0, 1280, 1080]}, {'segmentation': array([[False, False, False, ..., False, False, False],
       [False, False, False, ..., False, False, False],
       [False, False, False, ..., False, False, False],
       ...,
       [False, False, False, ..., False, False, False],
       [False, False, False, ..., False, False, False],
       [False, False, False, ..., False, False, False]]), 'area': 385, 'bbox': [848, 482, 20, 27], 'predicted_iou': 0.8810191750526428, 'point_coords': [[860.0, 489.375]], 'stability_score': 0.971867024898529, 'crop_box': [0, 0, 1280, 1080]}]
